0.013508196920156479,1
0.018095586448907852,1
0.00586672080680728,1
0.00703694112598896,1
0.013435911387205124,1
0.0019138101488351822,1
0.0020697021391242743,1
0.006867972202599049,1
0.001629458973184228,1
0.005944239906966686,1
0.0045938692055642605,1
0.04569579288363457,1
0.006782321259379387,1
0.0021514357067644596,1
0.01196743082255125,1
0.002705697435885668,1
0.0016797941643744707,1
0.002805983414873481,1
0.004112252965569496,1
0.004654719959944487,1
0.019018083810806274,1
0.0016321113798767328,1
0.016733244061470032,1
0.0029492329340428114,1
0.018312528729438782,1
0.008988204412162304,1
0.015218911692500114,1
0.029566707089543343,1
0.025728799402713776,1
0.008017975836992264,1
0.003008888568729162,1
0.012999243102967739,1
0.013331184163689613,1
0.01159600168466568,1
0.011671733111143112,1
0.0300738587975502,1
0.004315616097301245,1
0.0036543598398566246,1
0.006604508031159639,1
0.03437411040067673,1
0.011456916108727455,1
0.035832151770591736,1
0.00815198291093111,1
0.007193685043603182,1
0.006678931415081024,1
0.0019955243915319443,1
0.009184337221086025,1
0.004395760595798492,1
0.05037696659564972,1
0.01935444585978985,1
0.04103920981287956,1
0.0010577524080872536,1
0.0023642845917493105,1
0.006453085690736771,1
0.00680026039481163,1
0.010033849626779556,1
0.01542578637599945,1
0.0019992117304354906,1
0.020854715257883072,1
0.022044915705919266,1
0.015906132757663727,1
0.014502490870654583,1
0.030681779608130455,1
0.004853182006627321,1
0.006298561114817858,1
0.06987880170345306,1
0.0012024231255054474,1
0.024149956181645393,1
0.006526712793856859,1
0.003260664874687791,1
0.028946824371814728,1
0.001645372831262648,1
0.03334373980760574,1
0.011110028252005577,1
0.0026630829088389874,1
0.017554448917508125,1
0.011917604133486748,1
0.08859379589557648,1
0.015076556243002415,1
0.005794492084532976,1
0.002670787740498781,1
0.008640638552606106,1
0.0012918384745717049,1
0.00527162104845047,1
0.0017473743064329028,1
0.024242250248789787,1
0.0013340910663828254,1
0.00205075740814209,1
0.004518705420196056,1
0.006648092530667782,1
0.01428749319165945,1
0.006401350721716881,1
0.04727163165807724,1
0.003930181730538607,1
0.026791011914610863,1
0.0039739422500133514,1
0.01703464239835739,1
0.0045062643475830555,1
0.00889652594923973,1
0.031460609287023544,1
0.0023849336430430412,1
0.0063175358809530735,1
0.002750029554590583,1
0.016038037836551666,1
0.012932656332850456,1
0.007127733901143074,1
0.008430663496255875,1
0.014818084426224232,1
0.009487799368798733,1
0.004938068799674511,1
0.03605685383081436,1
0.005926020909100771,1
0.0028862408362329006,1
0.01068570651113987,1
0.0026056342758238316,1
0.0023143417201936245,1
0.002093021059408784,1
0.011876480653882027,1
0.012563180178403854,1
0.0026235789991915226,1
0.003714054822921753,1
0.0008405176922678947,1
0.0037303362041711807,1
0.013218876905739307,1
0.015040887519717216,1
0.02040545828640461,1
0.010161969810724258,1
0.028526466339826584,1
0.038618139922618866,1
0.08812109380960464,1
0.006539706140756607,1
0.0019005031790584326,1
0.020654859021306038,1
0.004904688335955143,1
0.01939079724252224,1
0.011389140039682388,1
0.0030573285184800625,1
0.005766908638179302,1
0.009744878858327866,1
0.07237686216831207,1
0.016915496438741684,1
0.011668484658002853,1
0.0014723730273544788,1
0.018560245633125305,1
0.007242091931402683,1
0.0013321649748831987,1
0.009058242663741112,1
0.02012203447520733,1
0.004489331040531397,1
0.012617542408406734,1
0.006970390677452087,1
0.024192791432142258,1
0.0012961208121851087,1
0.008435477502644062,1
0.008650513365864754,1
0.003246691543608904,1
0.0006570195546373725,1
0.014022539369761944,1
0.006927983369678259,1
0.0011740849586203694,1
0.004142665769904852,1
0.005479641258716583,1
0.01766563579440117,1
0.004151566885411739,1
0.0414634644985199,1
0.013559294864535332,1
0.03353917971253395,1
0.017854634672403336,1
0.010232435539364815,1
0.012956621125340462,1
0.03304693102836609,1
0.08930641412734985,1
0.03704272210597992,1
0.002432585693895817,1
0.006044927053153515,1
0.001967230811715126,1
0.0035357221495360136,1
0.008432313799858093,1
0.0023240954615175724,1
0.0020566366147249937,1
0.006026210263371468,1
0.009503431618213654,1
0.03359457850456238,1
0.012085126712918282,1
0.00480676582083106,1
0.020779795944690704,1
0.011896076612174511,1
0.003910132218152285,1
0.001352298422716558,1
0.0014115970116108656,1
0.008336375467479229,1
0.03543733432888985,1
0.005181794986128807,1
0.012351048178970814,1
0.0026041152887046337,1
0.012215389870107174,1
0.018057219684123993,1
0.06847988814115524,1
0.012062044814229012,1
0.0062239449471235275,1
0.004687653388828039,1
0.005112726241350174,1
0.003830208210274577,1
0.022741883993148804,1
0.005769646726548672,1
0.0011825069086626172,1
0.0016935400199145079,1
0.006592359859496355,1
0.005881485994905233,1
0.04107900708913803,1
0.01641043834388256,1
0.04652741178870201,1
0.003096051514148712,1
0.0032177611719816923,1
0.005349195562303066,1
0.013587718829512596,1
0.0018559298478066921,1
0.003965394105762243,1
0.01113602239638567,1
0.001173123368062079,1
0.004644108936190605,1
0.01539662480354309,1
0.003734934376552701,1
0.027722356840968132,1
0.002924790605902672,1
0.0020633626263588667,1
0.026436822488904,1
0.007997389882802963,1
0.006569527089595795,1
0.03997290879487991,1
0.005819592624902725,1
0.008319106884300709,1
0.024727724492549896,1
0.002565713133662939,1
0.0052533396519720554,1
0.011834485456347466,1
0.004184530582278967,1
0.035135261714458466,1
0.012560013681650162,1
0.006642255466431379,1
0.019243773072957993,1
0.029845263808965683,1
0.025701254606246948,1
0.011655891314148903,1
0.0005928727332502604,1
0.0036384626291692257,1
0.06714870780706406,1
0.0016090682474896312,1
0.0030920105054974556,1
0.004350669216364622,1
0.011765453033149242,1
0.013030212372541428,1
0.007612192537635565,1
0.0024896590039134026,1
0.0521126389503479,1
0.009606756269931793,1
0.0020084057468920946,1
0.015265023335814476,1
0.02349165268242359,1
0.0038387596141546965,1
0.003474597353488207,1
0.00924316793680191,1
0.006246717181056738,1
0.03369491174817085,1
0.011901929043233395,1
0.004528623539954424,1
0.01574220135807991,1
0.018384553492069244,1
0.014606582932174206,1
0.04512971267104149,1
0.020158402621746063,1
0.0053630112670362,1
0.02084258757531643,1
0.03540700301527977,1
0.004428895656019449,1
0.019069185480475426,1
0.014138197526335716,1
0.002451700856909156,1
0.024976544082164764,1
0.013972563669085503,1
0.007496516220271587,1
0.0027007563039660454,1
0.0008204461191780865,1
0.03576641157269478,1
0.030540816485881805,1
0.016165530309081078,1
0.004723019897937775,1
0.0050823260098695755,1
0.014937644824385643,1
0.02405652031302452,1
0.0013321208534762263,1
0.011513435281813145,1
0.019655879586935043,1
0.024460643529891968,1
0.013373766094446182,1
0.013675876893103123,1
0.01953844353556633,1
0.009065786376595497,1
0.01634487509727478,1
0.008494394831359386,1
0.0029787137173116207,1
0.036596931517124176,1
0.03368786349892616,1
0.0018732281168922782,1
0.012374872341752052,1
0.01432846486568451,1
0.008710857480764389,1
0.0033643092028796673,1
0.007726008538156748,1
0.016758035868406296,1
0.003684645052999258,1
0.006523986347019672,1
0.047916848212480545,1
0.017569513991475105,1
0.005271622445434332,1
0.0031015232671052217,1
0.001649043639190495,1
0.07168526947498322,1
0.018302811309695244,1
0.001045954180881381,1
0.020951533690094948,1
0.005223406478762627,1
0.0040837922133505344,1
0.015234952792525291,1
0.08698771148920059,1
0.03226387873291969,1
0.0057927886955440044,1
0.010895038023591042,1
0.006050947122275829,1
0.010592345148324966,1
0.006578924134373665,1
0.008912879973649979,1
0.06326375901699066,1
0.01059667207300663,1
0.03631649911403656,1
0.002845242153853178,1
0.0031240161042660475,1
0.020024403929710388,1
0.012763277627527714,1
0.00990667287260294,1
0.011702070012688637,1
0.03557482361793518,1
0.12817420065402985,1
0.036034680902957916,1
0.00414353609085083,1
0.017829380929470062,1
0.007193277589976788,1
0.017938103526830673,1
0.006888014264404774,1
0.0018768224399536848,1
0.01729203201830387,1
0.04726790264248848,1
0.04539106413722038,1
0.03335409611463547,1
0.0017643424216657877,1
0.03283251076936722,1
0.07929320633411407,1
0.01778363808989525,1
0.002628533635288477,1
0.009499548003077507,1
0.023662785068154335,1
0.015951180830597878,1
0.0014494680799543858,1
0.0032174447551369667,1
0.0014522450510412455,1
0.015245837159454823,1
0.006592440884560347,1
0.028164904564619064,1
0.04963181912899017,1
0.011978563852608204,1
0.005846013780683279,1
0.015395321883261204,1
0.02061179094016552,1
0.004335413221269846,1
0.0038392371498048306,1
0.0035876110196113586,1
0.013429461047053337,1
0.007516422308981419,1
0.0023086420260369778,1
0.003920787014067173,1
0.005286656320095062,1
0.04488956555724144,1
0.03188660740852356,1
0.010032348334789276,1
0.017147181555628777,1
0.028132513165473938,1
0.004199858754873276,1
0.014773974195122719,1
0.012458899058401585,1
0.020943325012922287,1
0.06331741064786911,1
0.011238900944590569,1
0.00897076167166233,1
0.00316367344930768,1
0.04113607853651047,1
0.011428315192461014,1
0.007620121352374554,1
0.008592987433075905,1
0.004194580018520355,1
0.0019400676246732473,1
0.01600729674100876,1
0.008685735985636711,1
0.001444926019757986,1
0.016968177631497383,1
0.012037724256515503,1
0.009325509890913963,1
0.017192833125591278,1
0.0043243891559541225,1
0.018254024907946587,1
0.04834737628698349,1
0.03946949169039726,1
0.00237126462161541,1
0.019903287291526794,1
0.02853494882583618,1
0.0011207998031750321,1
0.016003940254449844,1
0.005954448599368334,1
0.008707194589078426,1
0.010590330697596073,1
0.001485148910433054,1
0.007755036000162363,1
0.022496767342090607,1
0.0026433418970555067,1
0.017793618142604828,1
0.005332235712558031,1
0.007284199353307486,1
0.031888797879219055,1
0.05879731476306915,1
0.007362688425928354,1
0.007386024575680494,1
0.0019046587403863668,1
0.0026123616844415665,1
0.0027184977661818266,1
0.0013453142018988729,1
0.005189709365367889,1
0.0030618258751928806,1
0.030975643545389175,1
0.03150033950805664,1
0.0047765132039785385,1
0.002245497889816761,1
0.008228810504078865,1
0.005375613924115896,1
0.003729919670149684,1
0.003956523723900318,1
0.013407902792096138,1
0.005346593912690878,1
0.030338648706674576,1
0.03356361761689186,1
0.005396229214966297,1
0.006262822076678276,1
0.01120445504784584,1
0.022314419969916344,1
0.0013723131269216537,1
0.004021617118269205,1
0.010814094915986061,1
0.00845184177160263,1
0.003593994304537773,1
0.0027114239055663347,1
0.007350720930844545,1
0.0026262097526341677,1
0.007827108725905418,1
0.002395705785602331,1
0.003133303252980113,1
0.006477789953351021,1
0.023874767124652863,1
0.009335929527878761,1
0.004089768510311842,1
0.004562609829008579,1
0.024599377065896988,1
0.007986745797097683,1
0.0036215612199157476,1
0.039973389357328415,1
0.002648201771080494,1
0.008177021518349648,1
0.003874850692227483,1
0.002195021603256464,1
0.003967993892729282,1
0.016802724450826645,1
0.01704406924545765,1
0.009745828807353973,1
0.014910473488271236,1
0.01719578169286251,1
0.006788639351725578,1
0.01090292539447546,1
0.021763090044260025,1
0.0018092667451128364,1
0.004469777457416058,1
0.022476058453321457,1
0.010389251634478569,1
0.003673467319458723,1
0.001154681434854865,1
0.008193950168788433,1
0.0016198784578591585,1
0.008099688217043877,1
0.005450181197375059,1
0.0013127030106261373,1
0.04053609445691109,1
0.01999029703438282,1
0.0025662072002887726,1
0.029552415013313293,1
0.0035672904923558235,1
0.006990097463130951,1
0.016580680385231972,1
0.01723264902830124,1
0.029325364157557487,1
0.014121457003057003,1
0.00116625742521137,1
0.001655937870964408,1
0.0032569265458732843,1
0.08528264611959457,1
0.005734633654356003,1
0.04119522497057915,1
0.025866491720080376,1
0.028944095596671104,1
0.0028618795331567526,1
0.013101596385240555,1
0.019406188279390335,1
0.019978303462266922,1
0.013370869681239128,1
0.0031310459598898888,1
0.016887083649635315,1
0.004348359070718288,1
0.0020779224578291178,1
0.03505856916308403,1
0.019153408706188202,1
0.018769772723317146,1
0.002137805800884962,1
0.005479488056153059,1
0.0048811836168169975,1
0.0020153438672423363,1
0.010592896491289139,1
0.005296315066516399,1
0.007714917417615652,1
0.02013765648007393,1
0.0005425584968179464,1
0.012236112728714943,1
0.0048754229210317135,1
0.003132753074169159,1
0.0027178467717021704,1
0.031247947365045547,1
0.002196395071223378,1
0.029225284233689308,1
0.0068901702761650085,1
0.08322922140359879,1
0.004804321564733982,1
0.004121425561606884,1
0.0522938072681427,1
0.0017428570427000523,1
0.005126629490405321,1
0.0053267041221261024,1
0.014850761741399765,1
0.012177061289548874,1
0.004567604977637529,1
0.0008882334805093706,1
0.0023020911030471325,1
0.020157525315880775,1
0.007962624542415142,1
0.0025402302853763103,1
0.005486317910254002,1
0.0029705616179853678,1
0.005620869807898998,1
0.0024326809216290712,1
0.04729797691106796,1
0.00018139420717488974,1
0.0036166575737297535,1
0.0004984826664440334,1
0.06813190877437592,1
0.006435546092689037,1
0.0035984967835247517,1
0.00918695330619812,1
0.0015218943590298295,1
0.0742688700556755,1
0.01567527838051319,1
0.006257535889744759,1
0.006882440764456987,1
0.008187717758119106,1
0.00835120864212513,1
0.0020204249303787947,1
0.00169465527869761,1
0.0425415076315403,1
0.007104348391294479,1
0.0028294718358665705,1
0.014875330962240696,1
0.007891558110713959,1
0.003472176380455494,1
0.00427160132676363,1
0.027156813070178032,1
0.003936184570193291,1
0.00119865033775568,1
0.05665309727191925,1
0.015236543491482735,1
0.010524710640311241,1
0.0010638039093464613,1
0.010864648967981339,1
0.00550818769261241,1
0.001319424482062459,1
0.002648046938702464,1
0.0005773768061771989,1
0.07797855138778687,1
0.02241666428744793,1
0.00403145095333457,1
0.044568903744220734,1
0.004151694010943174,1
0.08293123543262482,1
0.02455831877887249,1
0.005927094258368015,1
0.003074721433222294,1
0.006580297369509935,1
0.020873727276921272,1
0.0011754893930628896,1
0.013764460571110249,1
0.04099355265498161,1
0.0019796518608927727,1
0.0012138743186369538,1
0.01375215221196413,1
0.003207090077921748,1
0.005165791604667902,1
0.005253913812339306,1
0.10289699584245682,1
0.01013692282140255,1
0.03532956913113594,1
0.035178299993276596,1
0.016540098935365677,1
0.0012074909172952175,1
0.0007984052645042539,1
0.008622750639915466,1
0.023562930524349213,1
0.02707516774535179,1
0.004003163892775774,1
0.001872417633421719,1
0.027489501982927322,1
0.024125996977090836,1
0.013844329863786697,1
0.0038681412115693092,1
0.02038590982556343,1
0.0040725176222622395,1
0.018180301412940025,1
0.020535338670015335,1
0.005230432841926813,1
0.004035312682390213,1
0.003583258716389537,1
0.008557629771530628,1
0.008783950470387936,1
0.007473703473806381,1
0.004517322406172752,1
0.0011381389340385795,1
0.011538520455360413,1
0.010999346151947975,1
0.0023859951179474592,1
0.0029196457471698523,1
0.0055172378197312355,1
0.0021589118987321854,1
0.0009631278808228672,1
0.00832525547593832,1
0.043768227100372314,1
0.004421746823936701,1
0.020802462473511696,1
0.017829813063144684,1
0.013354053720831871,1
0.015806909650564194,1
0.007232629228383303,1
0.0042025428265333176,1
0.05010798200964928,1
0.024935441091656685,1
0.0012473135720938444,1
0.015352324582636356,1
0.011474057100713253,1
0.00144653907045722,1
0.0019054912263527513,1
0.002767661353573203,1
0.004552782513201237,1
0.0011930763721466064,1
0.005353587679564953,1
0.003994629252701998,1
0.031557343900203705,1
0.00028598273638635874,1
0.002573064062744379,1
0.02336287498474121,1
0.008887643925845623,1
0.015419074334204197,1
0.022248586639761925,1
0.007462810724973679,1
0.008615232072770596,1
0.0015400875126942992,1
0.07308226078748703,1
0.00388429407030344,1
0.05046149715781212,1
0.012170367874205112,1
0.0022218504454940557,1
0.003358316607773304,1
0.022461801767349243,1
0.012965810485184193,1
0.008064951747655869,1
0.010566068813204765,1
0.11448755860328674,1
0.0034074855502694845,1
0.01625439152121544,1
0.0034328820183873177,1
0.01619718037545681,1
0.010267207399010658,1
0.0025847197975963354,1
0.004240960348397493,1
0.005792075768113136,1
0.006251960527151823,1
0.002971246838569641,1
0.018561678007245064,1
0.05555460602045059,1
0.006998398341238499,1
0.03967871516942978,1
0.004593240097165108,1
0.04169200360774994,1
0.04503735527396202,1
0.02782716229557991,1
0.01565132662653923,1
0.005039128474891186,1
0.01077829860150814,1
0.025219621136784554,1
0.0059435307048261166,1
0.004111205693334341,1
0.014122944325208664,1
0.024312246590852737,1
0.017239464446902275,1
0.001548802014440298,1
0.03386757895350456,1
0.03604086488485336,1
0.02898358926177025,1
0.0161771047860384,1
0.009343164972960949,1
0.061075419187545776,1
0.012399798259139061,1
0.029276464134454727,1
0.0036477590911090374,1
0.014794982969760895,1
0.003435980062931776,1
0.0007514461758546531,1
0.025411399081349373,1
0.0024542666506022215,1
0.013681710697710514,1
0.02390700951218605,1
0.04568496346473694,1
0.023812072351574898,1
0.08656378090381622,1
0.006959234364330769,1
0.003950434271246195,1
0.0013377736322581768,1
0.0017743639182299376,1
0.002436826704069972,1
0.011776779778301716,1
0.01200009137392044,1
0.005862852558493614,1
0.0333915539085865,1
0.0070047639310359955,1
0.021809330210089684,1
0.0013819873565807939,1
0.004286143928766251,1
0.014421914704144001,1
0.008082371205091476,1
0.00884962733834982,1
0.009162680245935917,1
0.000572424556594342,1
0.009859495796263218,1
0.06268367171287537,1
0.00275221886113286,1
0.0030067593324929476,1
0.050355568528175354,1
0.002003198955208063,1
0.03411159664392471,1
0.1098644807934761,1
0.07874052226543427,1
0.00210141041316092,1
0.010341383516788483,1
0.0039757490158081055,1
0.00042830395977944136,1
0.0010324015747755766,1
0.0008053446654230356,1
0.00626033591106534,1
0.04050192981958389,1
0.0008787287515588105,1
0.0222517978399992,1
0.03398795798420906,1
0.2318708598613739,1
0.004381032660603523,1
0.004844370763748884,1
0.015139931812882423,1
0.0020956348162144423,1
0.028057172894477844,1
0.023166947066783905,1
0.023504972457885742,1
0.011403422802686691,1
0.03167961910367012,1
0.0014341555070132017,1
0.0033915466628968716,1
0.00570733193308115,1
0.003249462228268385,1
0.030490675941109657,1
0.008043820038437843,1
0.0015440587885677814,1
0.009220796637237072,1
0.029410379007458687,1
0.003417963394895196,1
0.043759193271398544,1
0.0034211259335279465,1
0.030516693368554115,1
0.04875277355313301,1
0.003726538270711899,1
0.00515050208196044,1
0.016045717522501945,1
0.00641967449337244,1
0.007461135275661945,1
0.0067542982287704945,1
0.04071923345327377,1
0.007235297001898289,1
0.0055105481296777725,1
0.015805359929800034,1
0.022295217961072922,1
0.06856222450733185,1
0.03750085085630417,1
0.001024438999593258,1
0.004442492965608835,1
0.0008741391939111054,1
0.027936866506934166,1
0.026390865445137024,1
0.006528534460812807,1
0.06469763070344925,1
0.07096540182828903,1
0.015631144866347313,1
0.0023173189256340265,1
0.004443863872438669,1
0.019982367753982544,1
0.004860220942646265,1
0.0064299385994672775,1
0.027739867568016052,1
0.03888973966240883,1
0.0012728673173114657,1
0.005624592304229736,1
0.0031129929702728987,1
0.05922785401344299,1
0.02831871062517166,1
0.037832293659448624,1
0.01738554798066616,1
0.019734952598810196,1
0.022574974223971367,1
0.005791191942989826,1
0.032279662787914276,1
0.003792837029322982,1
0.002145722508430481,1
0.03449442982673645,1
0.06779740005731583,1
0.013559384271502495,1
0.01439380832016468,1
0.024814298376441002,1
0.003663623472675681,1
0.022035788744688034,1
0.004490821622312069,1
0.027507351711392403,1
0.010072195902466774,1
0.00759391812607646,1
0.003135423641651869,1
0.010056252591311932,1
0.019113441929221153,1
0.011440565809607506,1
0.002087051747366786,1
0.00039228558307513595,1
0.004518231377005577,1
0.0017342414939776063,1
0.009558526799082756,1
0.007920005358755589,1
0.032861411571502686,1
0.047870900481939316,1
0.016702400520443916,1
0.008083570748567581,1
0.00849907100200653,1
0.0028814927209168673,1
0.025797678157687187,1
0.0020287034567445517,1
0.0015181887429207563,1
0.026143336668610573,1
0.04801598936319351,1
0.007157043553888798,1
0.006206026766449213,1
0.018112337216734886,1
0.016166072338819504,1
0.001422547036781907,1
0.00625242106616497,1
0.004376241937279701,1
0.02153707668185234,1
0.004654433112591505,1
0.005037363618612289,1
0.011394519358873367,1
0.006740886252373457,1
0.00210897927172482,1
0.002806407166644931,1
0.006793125066906214,1
0.002126360312104225,1
0.024679603055119514,1
0.00807145144790411,1
0.005687204655259848,1
0.010820391587913036,1
0.008821097202599049,1
0.010838965885341167,1
0.0008674129494465888,1
0.010443486273288727,1
0.03170386701822281,1
0.006023915484547615,1
0.00904548354446888,1
0.0028541996143758297,1
0.01620548963546753,1
0.002857015933841467,1
0.007883352227509022,1
0.019223527982831,1
0.0486721470952034,1
0.009368461556732655,1
0.012115053832530975,1
0.006011714693158865,1
0.008524575270712376,1
0.0025628546718508005,1
0.004847312346100807,1
0.0083975400775671,1
0.0081091383472085,1
0.008153424598276615,1
0.0021690635476261377,1
0.03467349708080292,1
0.014272933825850487,1
0.07224761694669724,1
0.028568148612976074,1
0.004474973306059837,1
0.0019414671696722507,1
0.037507712841033936,1
0.012145943939685822,1
0.017865430563688278,1
0.032830964773893356,1
0.003439348889514804,1
0.005800605285912752,1
0.04288793355226517,1
0.024463176727294922,1
0.0017958013340830803,1
0.022045647725462914,1
0.004078053869307041,1
0.002774191554635763,1
0.005833147093653679,1
